<?xml version="1.0" encoding="UTF-8"?>
<!-- Generated by org.testng.reporters.JUnitXMLReporter -->
<testsuite ignored="0" hostname="VIJAYB-IN" failures="0" tests="5" name="Automation_Test" time="5.865" errors="0" timestamp="30 May 2021 05:48:22 GMT">
  <testcase classname="com.tests.LoginTest" name="verifyUsernamePasswordLoginFields" time="0.121"/>
  <testcase classname="com.tests.LoginTest" name="verifyIfLoginSuccesful" time="0.48"/>
  <testcase classname="com.tests.LoginTest" name="verifyLoginErrorMessage" time="0.352"/>
  <testcase classname="com.tests.LoginTest" name="verifyCloseSymbol" time="0.264"/>
  <testcase classname="com.tests.LoginTest" name="verifyPasswordMasked" time="0.066"/>
</testsuite> <!-- Automation_Test -->
