<?xml version="1.0" encoding="UTF-8"?>
<testng-results ignored="0" total="5" passed="5" failed="0" skipped="0">
  <reporter-output>
    <line>
      <![CDATA[Login Succesful]]>
    </line>
  </reporter-output>
  <suite started-at="2021-05-30T05:48:16Z" name="SwagLabs Automation Suite" finished-at="2021-05-30T05:48:22Z" duration-ms="5865">
    <groups>
    </groups>
    <test started-at="2021-05-30T05:48:16Z" name="Automation_Test" finished-at="2021-05-30T05:48:22Z" duration-ms="5865">
      <class name="com.tests.LoginTest">
        <test-method is-config="true" signature="initialization(java.lang.String)[pri:0, instance:com.tests.LoginTest@6f45df59]" started-at="2021-05-30T05:48:16Z" name="initialization" finished-at="2021-05-30T05:48:20Z" duration-ms="3575" status="PASS">
          <params>
            <param index="0">
              <value>
                <![CDATA[Chrome]]>
              </value>
            </param>
          </params>
          <reporter-output>
          </reporter-output>
        </test-method> <!-- initialization -->
        <test-method signature="verifyUsernamePasswordLoginFields()[pri:0, instance:com.tests.LoginTest@6f45df59]" started-at="2021-05-30T05:48:20Z" name="verifyUsernamePasswordLoginFields" finished-at="2021-05-30T05:48:20Z" duration-ms="121" status="PASS">
          <reporter-output>
          </reporter-output>
        </test-method> <!-- verifyUsernamePasswordLoginFields -->
        <test-method is-config="true" signature="tearDown(org.testng.ITestResult)[pri:0, instance:com.tests.LoginTest@6f45df59]" started-at="2021-05-30T05:48:20Z" name="tearDown" finished-at="2021-05-30T05:48:20Z" duration-ms="1" status="PASS">
          <params>
            <param index="0">
              <value>
                <![CDATA[[TestResult name=verifyUsernamePasswordLoginFields status=SUCCESS method=LoginTest.verifyUsernamePasswordLoginFields()[pri:0, instance:com.tests.LoginTest@6f45df59] output={null}]]]>
              </value>
            </param>
          </params>
          <reporter-output>
          </reporter-output>
        </test-method> <!-- tearDown -->
        <test-method signature="verifyIfLoginSuccesful()[pri:1, instance:com.tests.LoginTest@6f45df59]" started-at="2021-05-30T05:48:20Z" name="verifyIfLoginSuccesful" finished-at="2021-05-30T05:48:21Z" duration-ms="480" status="PASS">
          <reporter-output>
            <line>
              <![CDATA[Login Succesful]]>
            </line>
          </reporter-output>
        </test-method> <!-- verifyIfLoginSuccesful -->
        <test-method is-config="true" signature="tearDown(org.testng.ITestResult)[pri:0, instance:com.tests.LoginTest@6f45df59]" started-at="2021-05-30T05:48:21Z" name="tearDown" finished-at="2021-05-30T05:48:21Z" duration-ms="1" status="PASS">
          <params>
            <param index="0">
              <value>
                <![CDATA[[TestResult name=verifyIfLoginSuccesful status=SUCCESS method=LoginTest.verifyIfLoginSuccesful()[pri:1, instance:com.tests.LoginTest@6f45df59] output=Login Succesful]]]>
              </value>
            </param>
          </params>
          <reporter-output>
          </reporter-output>
        </test-method> <!-- tearDown -->
        <test-method signature="verifyLoginErrorMessage()[pri:2, instance:com.tests.LoginTest@6f45df59]" started-at="2021-05-30T05:48:21Z" name="verifyLoginErrorMessage" finished-at="2021-05-30T05:48:21Z" duration-ms="352" status="PASS">
          <reporter-output>
          </reporter-output>
        </test-method> <!-- verifyLoginErrorMessage -->
        <test-method signature="verifyCloseSymbol()[pri:3, instance:com.tests.LoginTest@6f45df59]" started-at="2021-05-30T05:48:21Z" name="verifyCloseSymbol" finished-at="2021-05-30T05:48:21Z" duration-ms="264" status="PASS">
          <reporter-output>
          </reporter-output>
        </test-method> <!-- verifyCloseSymbol -->
        <test-method is-config="true" signature="tearDown(org.testng.ITestResult)[pri:0, instance:com.tests.LoginTest@6f45df59]" started-at="2021-05-30T05:48:21Z" name="tearDown" finished-at="2021-05-30T05:48:21Z" duration-ms="0" status="PASS">
          <params>
            <param index="0">
              <value>
                <![CDATA[[TestResult name=verifyLoginErrorMessage status=SUCCESS method=LoginTest.verifyLoginErrorMessage()[pri:2, instance:com.tests.LoginTest@6f45df59] output={null}]]]>
              </value>
            </param>
          </params>
          <reporter-output>
          </reporter-output>
        </test-method> <!-- tearDown -->
        <test-method signature="verifyPasswordMasked()[pri:4, instance:com.tests.LoginTest@6f45df59]" started-at="2021-05-30T05:48:21Z" name="verifyPasswordMasked" finished-at="2021-05-30T05:48:21Z" duration-ms="66" status="PASS">
          <reporter-output>
          </reporter-output>
        </test-method> <!-- verifyPasswordMasked -->
        <test-method is-config="true" signature="tearDown(org.testng.ITestResult)[pri:0, instance:com.tests.LoginTest@6f45df59]" started-at="2021-05-30T05:48:21Z" name="tearDown" finished-at="2021-05-30T05:48:21Z" duration-ms="0" status="PASS">
          <params>
            <param index="0">
              <value>
                <![CDATA[[TestResult name=verifyCloseSymbol status=SUCCESS method=LoginTest.verifyCloseSymbol()[pri:3, instance:com.tests.LoginTest@6f45df59] output={null}]]]>
              </value>
            </param>
          </params>
          <reporter-output>
          </reporter-output>
        </test-method> <!-- tearDown -->
        <test-method is-config="true" signature="tearDown(org.testng.ITestResult)[pri:0, instance:com.tests.LoginTest@6f45df59]" started-at="2021-05-30T05:48:21Z" name="tearDown" finished-at="2021-05-30T05:48:21Z" duration-ms="0" status="PASS">
          <params>
            <param index="0">
              <value>
                <![CDATA[[TestResult name=verifyPasswordMasked status=SUCCESS method=LoginTest.verifyPasswordMasked()[pri:4, instance:com.tests.LoginTest@6f45df59] output={null}]]]>
              </value>
            </param>
          </params>
          <reporter-output>
          </reporter-output>
        </test-method> <!-- tearDown -->
        <test-method is-config="true" signature="quit()[pri:0, instance:com.tests.LoginTest@6f45df59]" started-at="2021-05-30T05:48:21Z" name="quit" finished-at="2021-05-30T05:48:22Z" duration-ms="974" status="PASS">
          <reporter-output>
          </reporter-output>
        </test-method> <!-- quit -->
      </class> <!-- com.tests.LoginTest -->
    </test> <!-- Automation_Test -->
  </suite> <!-- SwagLabs Automation Suite -->
</testng-results>
